<?xml version="1.0" encoding="UTF-8"?>
<!-- Generated by org.testng.reporters.JUnitReportReporter -->
<testsuite hostname="IBM-Testing01" name="com.test.VerifyGooglePAge" tests="2" failures="0" timestamp="21 Jan 2020 06:50:35 GMT" time="18.645" errors="0">
  <testcase name="checklogo" time="7.981" classname="com.test.VerifyGooglePAge"/>
  <testcase name="checkitle" time="10.664" classname="com.test.VerifyGooglePAge"/>
</testsuite> <!-- com.test.VerifyGooglePAge -->
